#
# A fatal error has been detected by the Java Runtime Environment:
#
#  EXCEPTION_ACCESS_VIOLATION (0xc0000005) at pc=0x00007ffcddb2424f, pid=12728, tid=18836
#
# JRE version: Java(TM) SE Runtime Environment 18.9 (11.0.11+9) (build 11.0.11+9-LTS-194)
# Java VM: Java HotSpot(TM) 64-Bit Server VM 18.9 (11.0.11+9-LTS-194, mixed mode, tiered, compressed oops, parallel gc, windows-amd64)
# Problematic frame:
# V  [jvm.dll+0x36424f]
#
# No core dump will be written. Minidumps are not enabled by default on client versions of Windows
#
# If you would like to submit a bug report, please visit:
#   https://bugreport.java.com/bugreport/crash.jsp
#

---------------  S U M M A R Y ------------

Command Line: --add-modules=ALL-SYSTEM --add-opens=java.base/java.util=ALL-UNNAMED --add-opens=java.base/java.lang=ALL-UNNAMED -Declipse.application=org.eclipse.jdt.ls.core.id1 -Dosgi.bundles.defaultStartLevel=4 -Declipse.product=org.eclipse.jdt.ls.core.product -Djava.import.generatesMetadataFilesAtProjectRoot=false -Dfile.encoding=utf8 -DwatchParentProcess=false -XX:+UseParallelGC -XX:GCTimeRatio=4 -XX:AdaptiveSizePolicyWeight=90 -Dsun.zip.disableMemoryMapping=true -Xmx1G -Xms100m -Xverify:none c:\Users\Chowtaav\.vscode\extensions\redhat.java-1.1.0\server\plugins\org.eclipse.equinox.launcher_1.6.400.v20210924-0641.jar -configuration c:\Users\Chowtaav\AppData\Roaming\Code\User\globalStorage\redhat.java\1.1.0\config_ss_win -data c:\Users\Chowtaav\AppData\Roaming\Code\User\workspaceStorage\d88496ce7c23938c9c1a3d5c71faee8d\redhat.java\ss_ws

Host: Intel(R) Core(TM) i5-8365U CPU @ 1.60GHz, 8 cores, 15G,  Windows 10 , 64 bit Build 18362 (10.0.18362.1766)
Time: Wed Dec  1 19:56:03 2021 India Standard Time elapsed time: 26.134908 seconds (0d 0h 0m 26s)

---------------  T H R E A D  ---------------

Current thread (0x00000246de988000):  JavaThread "pool-1-thread-1" [_thread_in_vm, id=18836, stack(0x000000a5f4800000,0x000000a5f4900000)]

Stack: [0x000000a5f4800000,0x000000a5f4900000],  sp=0x000000a5f48fd050,  free space=1012k
Native frames: (J=compiled Java code, j=interpreted, Vv=VM code, C=native code)
V  [jvm.dll+0x36424f]
C  0x00000246ca5fd96d

Java frames: (J=compiled Java code, j=interpreted, Vv=VM code)
j  org.eclipse.jdt.internal.compiler.parser.Scanner.getNextToken0()I+93
j  org.eclipse.jdt.internal.compiler.parser.Scanner.getNextToken()I+47
j  org.eclipse.jdt.internal.compiler.parser.Parser.fetchNextToken()I+4
j  org.eclipse.jdt.internal.compiler.parser.Parser.parse()V+329
j  org.eclipse.jdt.internal.compiler.parser.Parser.parse(Lorg/eclipse/jdt/internal/compiler/env/ICompilationUnit;Lorg/eclipse/jdt/internal/compiler/CompilationResult;II)Lorg/eclipse/jdt/internal/compiler/ast/CompilationUnitDeclaration;+178
j  org.eclipse.jdt.internal.compiler.parser.Parser.parse(Lorg/eclipse/jdt/internal/compiler/env/ICompilationUnit;Lorg/eclipse/jdt/internal/compiler/CompilationResult;)Lorg/eclipse/jdt/internal/compiler/ast/CompilationUnitDeclaration;+5
j  org.eclipse.jdt.internal.compiler.SourceElementParser.parseCompilationUnit(Lorg/eclipse/jdt/internal/compiler/env/ICompilationUnit;ZLorg/eclipse/core/runtime/IProgressMonitor;)Lorg/eclipse/jdt/internal/compiler/ast/CompilationUnitDeclaration;+53
j  org.eclipse.jdt.internal.core.CompilationUnit.buildStructure(Lorg/eclipse/jdt/internal/core/OpenableElementInfo;Lorg/eclipse/core/runtime/IProgressMonitor;Ljava/util/Map;Lorg/eclipse/core/resources/IResource;)Z+523
J 3097 c1 org.eclipse.jdt.internal.core.Openable.generateInfos(Ljava/lang/Object;Ljava/util/HashMap;Lorg/eclipse/core/runtime/IProgressMonitor;)V (281 bytes) @ 0x00000246cb1d42bc [0x00000246cb1d2ca0+0x000000000000161c]
J 3077 c1 org.eclipse.jdt.internal.core.JavaElement.openWhenClosed(Ljava/lang/Object;ZLorg/eclipse/core/runtime/IProgressMonitor;)Ljava/lang/Object; (169 bytes) @ 0x00000246cb1c5374 [0x00000246cb1c4cc0+0x00000000000006b4]
j  org.eclipse.jdt.internal.core.BecomeWorkingCopyOperation.executeOperation()V+29
j  org.eclipse.jdt.internal.core.JavaModelOperation.run(Lorg/eclipse/core/runtime/IProgressMonitor;)V+55
j  org.eclipse.jdt.internal.core.JavaModelOperation.runOperation(Lorg/eclipse/core/runtime/IProgressMonitor;)V+32
j  org.eclipse.jdt.internal.core.CompilationUnit.becomeWorkingCopy(Lorg/eclipse/jdt/core/IProblemRequestor;Lorg/eclipse/core/runtime/IProgressMonitor;)V+37
j  org.eclipse.jdt.internal.core.CompilationUnit.becomeWorkingCopy(Lorg/eclipse/core/runtime/IProgressMonitor;)V+23
j  org.eclipse.jdt.ls.core.internal.handlers.BaseDocumentLifeCycleHandler.handleOpen(Lorg/eclipse/lsp4j/DidOpenTextDocumentParams;)Lorg/eclipse/jdt/core/ICompilationUnit;+144
j  org.eclipse.jdt.ls.core.internal.handlers.BaseDocumentLifeCycleHandler$5.run(Lorg/eclipse/core/runtime/IProgressMonitor;)V+8
j  org.eclipse.core.internal.resources.Workspace.run(Lorg/eclipse/core/runtime/ICoreRunnable;Lorg/eclipse/core/runtime/jobs/ISchedulingRule;ILorg/eclipse/core/runtime/IProgressMonitor;)V+69
j  org.eclipse.core.internal.resources.Workspace.run(Lorg/eclipse/core/resources/IWorkspaceRunnable;Lorg/eclipse/core/runtime/jobs/ISchedulingRule;ILorg/eclipse/core/runtime/IProgressMonitor;)V+6
j  org.eclipse.jdt.ls.core.internal.handlers.BaseDocumentLifeCycleHandler.didOpen(Lorg/eclipse/lsp4j/DidOpenTextDocumentParams;)V+59
j  org.eclipse.jdt.ls.core.internal.syntaxserver.SyntaxLanguageServer.didOpen(Lorg/eclipse/lsp4j/DidOpenTextDocumentParams;)V+11
v  ~StubRoutines::call_stub
j  jdk.internal.reflect.NativeMethodAccessorImpl.invoke0(Ljava/lang/reflect/Method;Ljava/lang/Object;[Ljava/lang/Object;)Ljava/lang/Object;+0 java.base@11.0.11
j  jdk.internal.reflect.NativeMethodAccessorImpl.invoke(Ljava/lang/Object;[Ljava/lang/Object;)Ljava/lang/Object;+100 java.base@11.0.11
J 1068 c1 jdk.internal.reflect.DelegatingMethodAccessorImpl.invoke(Ljava/lang/Object;[Ljava/lang/Object;)Ljava/lang/Object; java.base@11.0.11 (10 bytes) @ 0x00000246cad4a03c [0x00000246cad49f40+0x00000000000000fc]
J 1067 c1 java.lang.reflect.Method.invoke(Ljava/lang/Object;[Ljava/lang/Object;)Ljava/lang/Object; java.base@11.0.11 (65 bytes) @ 0x00000246cad496ac [0x00000246cad49380+0x000000000000032c]
j  org.eclipse.lsp4j.jsonrpc.services.GenericEndpoint.lambda$null$0(Lorg/eclipse/lsp4j/jsonrpc/services/AnnotationUtil$MethodInfo;Ljava/lang/Object;Ljava/lang/Object;)Ljava/util/concurrent/CompletableFuture;+20
j  org.eclipse.lsp4j.jsonrpc.services.GenericEndpoint$$Lambda$189.apply(Ljava/lang/Object;)Ljava/lang/Object;+13
j  org.eclipse.lsp4j.jsonrpc.services.GenericEndpoint.notify(Ljava/lang/String;Ljava/lang/Object;)V+18
j  org.eclipse.lsp4j.jsonrpc.RemoteEndpoint.handleNotification(Lorg/eclipse/lsp4j/jsonrpc/messages/NotificationMessage;)V+20
j  org.eclipse.lsp4j.jsonrpc.RemoteEndpoint.consume(Lorg/eclipse/lsp4j/jsonrpc/messages/Message;)V+14
j  org.eclipse.lsp4j.jsonrpc.json.StreamMessageProducer.handleMessage(Ljava/io/InputStream;Lorg/eclipse/lsp4j/jsonrpc/json/StreamMessageProducer$Headers;)Z+99
j  org.eclipse.lsp4j.jsonrpc.json.StreamMessageProducer.listen(Lorg/eclipse/lsp4j/jsonrpc/MessageConsumer;)V+158
j  org.eclipse.lsp4j.jsonrpc.json.ConcurrentMessageProcessor.run()V+12
j  java.util.concurrent.Executors$RunnableAdapter.call()Ljava/lang/Object;+4 java.base@11.0.11
j  java.util.concurrent.FutureTask.run()V+39 java.base@11.0.11
j  java.util.concurrent.ThreadPoolExecutor.runWorker(Ljava/util/concurrent/ThreadPoolExecutor$Worker;)V+92 java.base@11.0.11
j  java.util.concurrent.ThreadPoolExecutor$Worker.run()V+5 java.base@11.0.11
j  java.lang.Thread.run()V+11 java.base@11.0.11
v  ~StubRoutines::call_stub

siginfo: EXCEPTION_ACCESS_VIOLATION (0xc0000005), reading address 0x00000000ecc73fa4


Register to memory mapping:

RIP=0x00007ffcddb2424f jvm.dll
RAX=0x000000000000000c is an unknown value
RBX=0x0000000000000195 is an unknown value
RCX=0x000000a5f48fd080 is pointing into the stack for thread: 0x00000246de988000
RDX=0x00007ffcddfe9708 jvm.dll
RSP=0x000000a5f48fd050 is pointing into the stack for thread: 0x00000246de988000
RBP=0x00000246de719450 points into unknown readable memory: 00 00 00 00 00 00 00 00
RSI=0x00000246de8b6ea0 points into unknown readable memory: 02 00 00 00 72 72 65 6e
RDI=0x00000246de988000 is a thread
R8 =0x0000000000000195 is an unknown value
R9 =0x000000a5f48fcfc0 is pointing into the stack for thread: 0x00000246de988000
R10=0x0 is NULL
R11=0x21c0000000000000 is an unknown value
R12=0x00000000ecc73f98 is an unallocated location in the heap
R13=0x00000000000003d8 is an unknown value
R14=0x00000246de719460 points into unknown readable memory: b4 20 4a de 46 02 00 00
R15=0x00000246de719838 points into unknown readable memory: 08 ad 1c 29 e3 02 00 88


Registers:
RAX=0x000000000000000c, RBX=0x0000000000000195, RCX=0x000000a5f48fd080, RDX=0x00007ffcddfe9708
RSP=0x000000a5f48fd050, RBP=0x00000246de719450, RSI=0x00000246de8b6ea0, RDI=0x00000246de988000
R8 =0x0000000000000195, R9 =0x000000a5f48fcfc0, R10=0x0000000000000000, R11=0x21c0000000000000
R12=0x00000000ecc73f98, R13=0x00000000000003d8, R14=0x00000246de719460, R15=0x00000246de719838
RIP=0x00007ffcddb2424f, EFLAGS=0x0000000000010202

Top of Stack: (sp=0x000000a5f48fd050)
0x000000a5f48fd050:   0000000000000195 0000000000000195
0x000000a5f48fd060:   000000000000000d 00000246de988000
0x000000a5f48fd070:   00000246de7a3bd0 00007ffcdddaa2f5
0x000000a5f48fd080:   00007ffcde05dab0 0000005000000000
0x000000a5f48fd090:   0000000000000000 0000000000000000
0x000000a5f48fd0a0:   0000000000000000 0000000000000000
0x000000a5f48fd0b0:   0000000000000000 00000246dd201f90
0x000000a5f48fd0c0:   0000000000000000 0000000000000100
0x000000a5f48fd0d0:   00000246e96eb200 000000a5f48fd130
0x000000a5f48fd0e0:   00000246de988000 000000a5f48fd200
0x000000a5f48fd0f0:   00000246e96e807d 0000000000000000
0x000000a5f48fd100:   0000000000000004 00000246ca5fd96d
0x000000a5f48fd110:   00000246de988000 0000000000000195
0x000000a5f48fd120:   000000a5f48fd180 000000000000000d
0x000000a5f48fd130:   00000246ca5fd911 000000a5f48fd138
0x000000a5f48fd140:   00000246e96e807d 000000a5f48fd200 

Instructions: (pc=0x00007ffcddb2424f)
0x00007ffcddb2422f:   8c 6c 00 00 48 8d 15 ce 54 4c 00 b9 0c 00 00 00
0x00007ffcddb2423f:   b8 10 00 00 00 0f 45 c1 44 8b c3 48 8d 4c 24 30
0x00007ffcddb2424f:   46 8b 0c 20 e8 b8 4d 2b 00 48 8b 1d e1 03 70 00
0x00007ffcddb2425f:   48 8d 4c 24 30 e8 87 3e 2b 00 4c 8b cb 48 89 44 


Stack slot to memory mapping:
stack at sp + 0 slots: 0x0000000000000195 is an unknown value
stack at sp + 1 slots: 0x0000000000000195 is an unknown value
stack at sp + 2 slots: 0x000000000000000d is an unknown value
stack at sp + 3 slots: 0x00000246de988000 is a thread
stack at sp + 4 slots: 0x00000246de7a3bd0 points into unknown readable memory: 50 e1 7c de 46 02 00 00
stack at sp + 5 slots: 0x00007ffcdddaa2f5 jvm.dll
stack at sp + 6 slots: 0x00007ffcde05dab0 jvm.dll
stack at sp + 7 slots: 0x0000005000000000 is an unknown value


---------------  P R O C E S S  ---------------

Threads class SMR info:
_java_thread_list=0x00000246dfcf6360, length=20, elements={
0x00000246c214c000, 0x00000246dbfcd800, 0x00000246dbfd8000, 0x00000246dd084800,
0x00000246dd085000, 0x00000246dbfec800, 0x00000246dbfed800, 0x00000246dd0df000,
0x00000246dd1d7000, 0x00000246dd315800, 0x00000246df56d800, 0x00000246de760800,
0x00000246df1c7000, 0x00000246de949800, 0x00000246de50f000, 0x00000246de580000,
0x00000246de841800, 0x00000246de988000, 0x00000246de8d1800, 0x00000246dfce3000
}

Java Threads: ( => current thread )
  0x00000246c214c000 JavaThread "main" [_thread_blocked, id=29644, stack(0x000000a5f2d00000,0x000000a5f2e00000)]
  0x00000246dbfcd800 JavaThread "Reference Handler" daemon [_thread_blocked, id=6612, stack(0x000000a5f3000000,0x000000a5f3100000)]
  0x00000246dbfd8000 JavaThread "Finalizer" daemon [_thread_blocked, id=26992, stack(0x000000a5f3100000,0x000000a5f3200000)]
  0x00000246dd084800 JavaThread "Signal Dispatcher" daemon [_thread_blocked, id=27684, stack(0x000000a5f3200000,0x000000a5f3300000)]
  0x00000246dd085000 JavaThread "Attach Listener" daemon [_thread_blocked, id=12872, stack(0x000000a5f3300000,0x000000a5f3400000)]
  0x00000246dbfec800 JavaThread "C2 CompilerThread0" daemon [_thread_blocked, id=12340, stack(0x000000a5f3400000,0x000000a5f3500000)]
  0x00000246dbfed800 JavaThread "C1 CompilerThread0" daemon [_thread_blocked, id=14760, stack(0x000000a5f3500000,0x000000a5f3600000)]
  0x00000246dd0df000 JavaThread "Sweeper thread" daemon [_thread_blocked, id=8020, stack(0x000000a5f3600000,0x000000a5f3700000)]
  0x00000246dd1d7000 JavaThread "Common-Cleaner" daemon [_thread_blocked, id=20836, stack(0x000000a5f3700000,0x000000a5f3800000)]
  0x00000246dd315800 JavaThread "Service Thread" daemon [_thread_blocked, id=21240, stack(0x000000a5f3900000,0x000000a5f3a00000)]
  0x00000246df56d800 JavaThread "Active Thread: Equinox Container: 81e496a9-bd8b-486e-b21a-3ac4f54232ff" [_thread_blocked, id=8472, stack(0x000000a5f3800000,0x000000a5f3900000)]
  0x00000246de760800 JavaThread "Framework Event Dispatcher: Equinox Container: 81e496a9-bd8b-486e-b21a-3ac4f54232ff" daemon [_thread_blocked, id=20652, stack(0x000000a5f3a00000,0x000000a5f3b00000)]
  0x00000246df1c7000 JavaThread "Start Level: Equinox Container: 81e496a9-bd8b-486e-b21a-3ac4f54232ff" daemon [_thread_blocked, id=28824, stack(0x000000a5f3c00000,0x000000a5f3d00000)]
  0x00000246de949800 JavaThread "SCR Component Actor" daemon [_thread_blocked, id=22776, stack(0x000000a5f4000000,0x000000a5f4100000)]
  0x00000246de50f000 JavaThread "Worker-JM" [_thread_blocked, id=26876, stack(0x000000a5f4200000,0x000000a5f4300000)]
  0x00000246de580000 JavaThread "Worker-0" [_thread_blocked, id=17240, stack(0x000000a5f4500000,0x000000a5f4600000)]
  0x00000246de841800 JavaThread "Worker-1" [_thread_blocked, id=28424, stack(0x000000a5f4600000,0x000000a5f4700000)]
=>0x00000246de988000 JavaThread "pool-1-thread-1" [_thread_in_vm, id=18836, stack(0x000000a5f4800000,0x000000a5f4900000)]
  0x00000246de8d1800 JavaThread "Worker-2" [_thread_blocked, id=3668, stack(0x000000a5f4a00000,0x000000a5f4b00000)]
  0x00000246dfce3000 JavaThread "C2 CompilerThread1" daemon [_thread_blocked, id=32144, stack(0x000000a5f4900000,0x000000a5f4a00000)]

Other Threads:
  0x00000246c2212000 VMThread "VM Thread" [stack: 0x000000a5f2f00000,0x000000a5f3000000] [id=25180]
  0x00000246dd31a800 WatcherThread [stack: 0x000000a5f3b00000,0x000000a5f3c00000] [id=11588]
  0x00000246c2161800 GCTaskThread "ParGC Thread#0" [stack: 0x000000a5f2e00000,0x000000a5f2f00000] [id=31180]
  0x00000246de691000 GCTaskThread "ParGC Thread#1" [stack: 0x000000a5f3d00000,0x000000a5f3e00000] [id=16404]
  0x00000246df2ad000 GCTaskThread "ParGC Thread#2" [stack: 0x000000a5f3e00000,0x000000a5f3f00000] [id=27632]
  0x00000246df2ae000 GCTaskThread "ParGC Thread#3" [stack: 0x000000a5f3f00000,0x000000a5f4000000] [id=22820]
  0x00000246de7aa000 GCTaskThread "ParGC Thread#4" [stack: 0x000000a5f4300000,0x000000a5f4400000] [id=26780]
  0x00000246de7aa800 GCTaskThread "ParGC Thread#5" [stack: 0x000000a5f4400000,0x000000a5f4500000] [id=24652]
  0x00000246de1e6000 GCTaskThread "ParGC Thread#6" [stack: 0x000000a5f4100000,0x000000a5f4200000] [id=10024]
  0x00000246df1c5800 GCTaskThread "ParGC Thread#7" [stack: 0x000000a5f4700000,0x000000a5f4800000] [id=9392]

Threads with active compile tasks:

VM state:not at safepoint (normal execution)

VM Mutex/Monitor currently owned by a thread: None

Heap address: 0x00000000c0000000, size: 1024 MB, Compressed Oops mode: 32-bit
Narrow klass base: 0x0000000000000000, Narrow klass shift: 3
Compressed class space size: 1073741824 Address: 0x0000000100000000

Heap:
 PSYoungGen      total 22016K, used 23K [0x00000000eab00000, 0x00000000eca80000, 0x0000000100000000)
  eden space 21504K, 0% used [0x00000000eab00000,0x00000000eab05d98,0x00000000ec000000)
  from space 512K, 0% used [0x00000000ec000000,0x00000000ec000000,0x00000000ec080000)
  to   space 3584K, 0% used [0x00000000ec700000,0x00000000ec700000,0x00000000eca80000)
 ParOldGen       total 68608K, used 24426K [0x00000000c0000000, 0x00000000c4300000, 0x00000000eab00000)
  object space 68608K, 35% used [0x00000000c0000000,0x00000000c17daa90,0x00000000c4300000)
 Metaspace       used 33376K, capacity 35285K, committed 35328K, reserved 1081344K
  class space    used 3191K, capacity 3828K, committed 3840K, reserved 1048576K

Card table byte_map: [0x00000246c1b00000,0x00000246c1d10000] _byte_map_base: 0x00000246c1500000

Marking Bits: (ParMarkBitMap*) 0x00007ffcde2057a0
 Begin Bits: [0x00000246d95f0000, 0x00000246da5f0000)
 End Bits:   [0x00000246da5f0000, 0x00000246db5f0000)

Polling page: 0x00000246c00c0000

Metaspace:

Usage:
  Non-class:     30.72 MB capacity,    29.48 MB ( 96%) used,     1.17 MB (  4%) free+waste,    75.13 KB ( <1%) overhead. 
      Class:      3.74 MB capacity,     3.12 MB ( 83%) used,   600.93 KB ( 16%) free+waste,    35.88 KB ( <1%) overhead. 
       Both:     34.46 MB capacity,    32.59 MB ( 95%) used,     1.76 MB (  5%) free+waste,   111.00 KB ( <1%) overhead. 

Virtual space:
  Non-class space:       32.00 MB reserved,      30.75 MB ( 96%) committed 
      Class space:        1.00 GB reserved,       3.75 MB ( <1%) committed 
             Both:        1.03 GB reserved,      34.50 MB (  3%) committed 

Chunk freelists:
   Non-Class:  3.88 KB
       Class:  1.50 KB
        Both:  5.38 KB

CodeHeap 'non-profiled nmethods': size=120000Kb used=1459Kb max_used=1459Kb free=118540Kb
 bounds [0x00000246d20c0000, 0x00000246d2330000, 0x00000246d95f0000]
CodeHeap 'profiled nmethods': size=120000Kb used=6866Kb max_used=6866Kb free=113133Kb
 bounds [0x00000246cab90000, 0x00000246cb250000, 0x00000246d20c0000]
CodeHeap 'non-nmethods': size=5760Kb used=1185Kb max_used=1217Kb free=4574Kb
 bounds [0x00000246ca5f0000, 0x00000246ca860000, 0x00000246cab90000]
 total_blobs=3740 nmethods=3199 adapters=454
 compilation: enabled
              stopped_count=0, restarted_count=0
 full_count=0

Compilation events (10 events):
Event: 25.266 Thread 0x00000246dbfed800 nmethod 3211% 0x00000246cb240090 code [0x00000246cb2402e0, 0x00000246cb240e28]
Event: 25.274 Thread 0x00000246dbfed800 3212 %     3       org.eclipse.jdt.internal.compiler.parser.Parser::computeReverseTable @ 17 (92 bytes)
Event: 25.275 Thread 0x00000246dbfed800 nmethod 3212% 0x00000246cb241210 code [0x00000246cb241400, 0x00000246cb2419b8]
Event: 25.275 Thread 0x00000246dbfed800 3213       3       org.eclipse.jdt.internal.compiler.parser.Parser::computeReverseTable (92 bytes)
Event: 25.276 Thread 0x00000246dbfed800 nmethod 3213 0x00000246cb241c90 code [0x00000246cb241e60, 0x00000246cb242358]
Event: 25.277 Thread 0x00000246dbfec800 3214 %     4       org.eclipse.jdt.internal.compiler.parser.Parser::computeReverseTable @ 51 (92 bytes)
Event: 25.279 Thread 0x00000246dbfed800 3215   !   3       org.eclipse.jdt.internal.compiler.parser.Parser::readTable (145 bytes)
Event: 25.285 Thread 0x00000246dbfed800 nmethod 3215 0x00000246cb242590 code [0x00000246cb242920, 0x00000246cb244068]
Event: 25.290 Thread 0x00000246dbfec800 nmethod 3214% 0x00000246d222a790 code [0x00000246d222a940, 0x00000246d222ac38]
Event: 25.379 Thread 0x00000246dfce3000 nmethod 3210 0x00000246d222af10 code [0x00000246d222b120, 0x00000246d222c270]

GC Heap History (10 events):
Event: 24.058 GC heap before
{Heap before GC invocations=9 (full 1):
 PSYoungGen      total 30720K, used 30701K [0x00000000eab00000, 0x00000000ed480000, 0x0000000100000000)
  eden space 24064K, 100% used [0x00000000eab00000,0x00000000ec280000,0x00000000ec280000)
  from space 6656K, 99% used [0x00000000ec380000,0x00000000ec9fb7a8,0x00000000eca00000)
  to   space 9216K, 0% used [0x00000000ecb80000,0x00000000ecb80000,0x00000000ed480000)
 ParOldGen       total 68608K, used 10804K [0x00000000c0000000, 0x00000000c4300000, 0x00000000eab00000)
  object space 68608K, 15% used [0x00000000c0000000,0x00000000c0a8d060,0x00000000c4300000)
 Metaspace       used 31452K, capacity 33305K, committed 33408K, reserved 1079296K
  class space    used 3042K, capacity 3659K, committed 3712K, reserved 1048576K
}
Event: 24.093 GC heap after
{Heap after GC invocations=9 (full 1):
 PSYoungGen      total 30720K, used 6880K [0x00000000eab00000, 0x00000000ed280000, 0x0000000100000000)
  eden space 23552K, 0% used [0x00000000eab00000,0x00000000eab00000,0x00000000ec200000)
  from space 7168K, 95% used [0x00000000ecb80000,0x00000000ed238020,0x00000000ed280000)
  to   space 7680K, 0% used [0x00000000ec380000,0x00000000ec380000,0x00000000ecb00000)
 ParOldGen       total 68608K, used 12767K [0x00000000c0000000, 0x00000000c4300000, 0x00000000eab00000)
  object space 68608K, 18% used [0x00000000c0000000,0x00000000c0c77ca8,0x00000000c4300000)
 Metaspace       used 31452K, capacity 33305K, committed 33408K, reserved 1079296K
  class space    used 3042K, capacity 3659K, committed 3712K, reserved 1048576K
}
Event: 24.290 GC heap before
{Heap before GC invocations=10 (full 1):
 PSYoungGen      total 30720K, used 30432K [0x00000000eab00000, 0x00000000ed280000, 0x0000000100000000)
  eden space 23552K, 100% used [0x00000000eab00000,0x00000000ec200000,0x00000000ec200000)
  from space 7168K, 95% used [0x00000000ecb80000,0x00000000ed238020,0x00000000ed280000)
  to   space 7680K, 0% used [0x00000000ec380000,0x00000000ec380000,0x00000000ecb00000)
 ParOldGen       total 68608K, used 12767K [0x00000000c0000000, 0x00000000c4300000, 0x00000000eab00000)
  object space 68608K, 18% used [0x00000000c0000000,0x00000000c0c77ca8,0x00000000c4300000)
 Metaspace       used 31452K, capacity 33305K, committed 33408K, reserved 1079296K
  class space    used 3042K, capacity 3659K, committed 3712K, reserved 1048576K
}
Event: 24.312 GC heap after
{Heap after GC invocations=10 (full 1):
 PSYoungGen      total 29696K, used 6368K [0x00000000eab00000, 0x00000000ece80000, 0x0000000100000000)
  eden space 23040K, 0% used [0x00000000eab00000,0x00000000eab00000,0x00000000ec180000)
  from space 6656K, 95% used [0x00000000ec380000,0x00000000ec9b8020,0x00000000eca00000)
  to   space 4608K, 0% used [0x00000000eca00000,0x00000000eca00000,0x00000000ece80000)
 ParOldGen       total 68608K, used 15434K [0x00000000c0000000, 0x00000000c4300000, 0x00000000eab00000)
  object space 68608K, 22% used [0x00000000c0000000,0x00000000c0f12b40,0x00000000c4300000)
 Metaspace       used 31452K, capacity 33305K, committed 33408K, reserved 1079296K
  class space    used 3042K, capacity 3659K, committed 3712K, reserved 1048576K
}
Event: 25.230 GC heap before
{Heap before GC invocations=11 (full 1):
 PSYoungGen      total 29696K, used 29399K [0x00000000eab00000, 0x00000000ece80000, 0x0000000100000000)
  eden space 23040K, 99% used [0x00000000eab00000,0x00000000ec17de70,0x00000000ec180000)
  from space 6656K, 95% used [0x00000000ec380000,0x00000000ec9b8020,0x00000000eca00000)
  to   space 4608K, 0% used [0x00000000eca00000,0x00000000eca00000,0x00000000ece80000)
 ParOldGen       total 68608K, used 15434K [0x00000000c0000000, 0x00000000c4300000, 0x00000000eab00000)
  object space 68608K, 22% used [0x00000000c0000000,0x00000000c0f12b40,0x00000000c4300000)
 Metaspace       used 32375K, capacity 34293K, committed 34560K, reserved 1079296K
  class space    used 3101K, capacity 3732K, committed 3840K, reserved 1048576K
}
Event: 25.255 GC heap after
{Heap after GC invocations=11 (full 1):
 PSYoungGen      total 26112K, used 4606K [0x00000000eab00000, 0x00000000ed500000, 0x0000000100000000)
  eden space 21504K, 0% used [0x00000000eab00000,0x00000000eab00000,0x00000000ec000000)
  from space 4608K, 99% used [0x00000000eca00000,0x00000000ece7f988,0x00000000ece80000)
  to   space 10240K, 0% used [0x00000000ec000000,0x00000000ec000000,0x00000000eca00000)
 ParOldGen       total 68608K, used 20111K [0x00000000c0000000, 0x00000000c4300000, 0x00000000eab00000)
  object space 68608K, 29% used [0x00000000c0000000,0x00000000c13a3eb8,0x00000000c4300000)
 Metaspace       used 32375K, capacity 34293K, committed 34560K, reserved 1079296K
  class space    used 3101K, capacity 3732K, committed 3840K, reserved 1048576K
}
Event: 25.397 GC heap before
{Heap before GC invocations=12 (full 1):
 PSYoungGen      total 26112K, used 6776K [0x00000000eab00000, 0x00000000ed500000, 0x0000000100000000)
  eden space 21504K, 10% used [0x00000000eab00000,0x00000000ead1e990,0x00000000ec000000)
  from space 4608K, 99% used [0x00000000eca00000,0x00000000ece7f988,0x00000000ece80000)
  to   space 10240K, 0% used [0x00000000ec000000,0x00000000ec000000,0x00000000eca00000)
 ParOldGen       total 68608K, used 20111K [0x00000000c0000000, 0x00000000c4300000, 0x00000000eab00000)
  object space 68608K, 29% used [0x00000000c0000000,0x00000000c13a3eb8,0x00000000c4300000)
 Metaspace       used 33376K, capacity 35285K, committed 35328K, reserved 1081344K
  class space    used 3191K, capacity 3828K, committed 3840K, reserved 1048576K
}
Event: 25.415 GC heap after
{Heap after GC invocations=12 (full 1):
 PSYoungGen      total 22016K, used 224K [0x00000000eab00000, 0x00000000eca80000, 0x0000000100000000)
  eden space 21504K, 0% used [0x00000000eab00000,0x00000000eab00000,0x00000000ec000000)
  from space 512K, 43% used [0x00000000ec000000,0x00000000ec038000,0x00000000ec080000)
  to   space 3584K, 0% used [0x00000000ec700000,0x00000000ec700000,0x00000000eca80000)
 ParOldGen       total 68608K, used 24702K [0x00000000c0000000, 0x00000000c4300000, 0x00000000eab00000)
  object space 68608K, 36% used [0x00000000c0000000,0x00000000c181fb08,0x00000000c4300000)
 Metaspace       used 33376K, capacity 35285K, committed 35328K, reserved 1081344K
  class space    used 3191K, capacity 3828K, committed 3840K, reserved 1048576K
}
Event: 25.415 GC heap before
{Heap before GC invocations=13 (full 2):
 PSYoungGen      total 22016K, used 224K [0x00000000eab00000, 0x00000000eca80000, 0x0000000100000000)
  eden space 21504K, 0% used [0x00000000eab00000,0x00000000eab00000,0x00000000ec000000)
  from space 512K, 43% used [0x00000000ec000000,0x00000000ec038000,0x00000000ec080000)
  to   space 3584K, 0% used [0x00000000ec700000,0x00000000ec700000,0x00000000eca80000)
 ParOldGen       total 68608K, used 24702K [0x00000000c0000000, 0x00000000c4300000, 0x00000000eab00000)
  object space 68608K, 36% used [0x00000000c0000000,0x00000000c181fb08,0x00000000c4300000)
 Metaspace       used 33376K, capacity 35285K, committed 35328K, reserved 1081344K
  class space    used 3191K, capacity 3828K, committed 3840K, reserved 1048576K
}
Event: 26.096 GC heap after
{Heap after GC invocations=13 (full 2):
 PSYoungGen      total 22016K, used 0K [0x00000000eab00000, 0x00000000eca80000, 0x0000000100000000)
  eden space 21504K, 0% used [0x00000000eab00000,0x00000000eab00000,0x00000000ec000000)
  from space 512K, 0% used [0x00000000ec000000,0x00000000ec000000,0x00000000ec080000)
  to   space 3584K, 0% used [0x00000000ec700000,0x00000000ec700000,0x00000000eca80000)
 ParOldGen       total 68608K, used 24426K [0x00000000c0000000, 0x00000000c4300000, 0x00000000eab00000)
  object space 68608K, 35% used [0x00000000c0000000,0x00000000c17daa90,0x00000000c4300000)
 Metaspace       used 33376K, capacity 35285K, committed 35328K, reserved 1081344K
  class space    used 3191K, capacity 3828K, committed 3840K, reserved 1048576K
}

Deoptimization events (10 events):
Event: 23.221 Thread 0x00000246de841800 Uncommon trap: reason=profile_predicate action=maybe_recompile pc=0x00000246d21f5a70 method=org.eclipse.jdt.internal.core.util.HashtableOfArrayToObject.get([Ljava/lang/Object;)Ljava/lang/Object; @ 64 c2
Event: 23.417 Thread 0x00000246de841800 Uncommon trap: reason=profile_predicate action=maybe_recompile pc=0x00000246d22024e0 method=org.eclipse.jdt.internal.core.util.HashtableOfArrayToObject.get([Ljava/lang/Object;)Ljava/lang/Object; @ 64 c2
Event: 24.960 Thread 0x00000246de988000 Uncommon trap: reason=class_check action=maybe_recompile pc=0x00000246d2212bb4 method=org.eclipse.jdt.internal.compiler.util.JrtFileSystem$2.preVisitDirectory(Ljava/nio/file/Path;Ljava/nio/file/attribute/BasicFileAttributes;)Ljava/nio/file/FileVisitResult
Event: 24.960 Thread 0x00000246de988000 Uncommon trap: reason=class_check action=maybe_recompile pc=0x00000246d2212bb4 method=org.eclipse.jdt.internal.compiler.util.JrtFileSystem$2.preVisitDirectory(Ljava/nio/file/Path;Ljava/nio/file/attribute/BasicFileAttributes;)Ljava/nio/file/FileVisitResult
Event: 24.961 Thread 0x00000246de988000 Uncommon trap: reason=class_check action=maybe_recompile pc=0x00000246d2212bb4 method=org.eclipse.jdt.internal.compiler.util.JrtFileSystem$2.preVisitDirectory(Ljava/nio/file/Path;Ljava/nio/file/attribute/BasicFileAttributes;)Ljava/nio/file/FileVisitResult
Event: 24.961 Thread 0x00000246de988000 Uncommon trap: reason=class_check action=maybe_recompile pc=0x00000246d2212bb4 method=org.eclipse.jdt.internal.compiler.util.JrtFileSystem$2.preVisitDirectory(Ljava/nio/file/Path;Ljava/nio/file/attribute/BasicFileAttributes;)Ljava/nio/file/FileVisitResult
Event: 25.047 Thread 0x00000246de988000 Uncommon trap: reason=bimorphic_or_optimized_type_check action=maybe_recompile pc=0x00000246d218ed60 method=java.io.DataOutputStream.write([BII)V @ 7 c2
Event: 25.047 Thread 0x00000246de988000 Uncommon trap: reason=bimorphic_or_optimized_type_check action=maybe_recompile pc=0x00000246d218ed60 method=java.io.DataOutputStream.write([BII)V @ 7 c2
Event: 25.048 Thread 0x00000246de988000 Uncommon trap: reason=bimorphic_or_optimized_type_check action=maybe_recompile pc=0x00000246d218ed60 method=java.io.DataOutputStream.write([BII)V @ 7 c2
Event: 25.048 Thread 0x00000246de988000 Uncommon trap: reason=bimorphic_or_optimized_type_check action=maybe_recompile pc=0x00000246d218ed60 method=java.io.DataOutputStream.write([BII)V @ 7 c2

Classes redefined (0 events):
No events

Internal exceptions (10 events):
Event: 14.204 Thread 0x00000246df1c7000 Exception <a 'java/lang/ClassNotFoundException'{0x00000000ebf0fa80}: com/sun/org/apache/xml/internal/serializer/spi/XMLEntitiesProvider> (0x00000000ebf0fa80) thrown at [./open/src/hotspot/share/classfile/systemDictionary.cpp, line 228]
Event: 14.980 Thread 0x00000246df1c7000 Exception <a 'java/io/FileNotFoundException'{0x00000000ec176a80}> (0x00000000ec176a80) thrown at [./open/src/hotspot/share/prims/jni.cpp, line 611]
Event: 15.231 Thread 0x00000246df1c7000 Exception <a 'java/io/FileNotFoundException'{0x00000000ec1a7570}> (0x00000000ec1a7570) thrown at [./open/src/hotspot/share/prims/jni.cpp, line 611]
Event: 15.303 Thread 0x00000246df1c7000 Exception <a 'java/io/FileNotFoundException'{0x00000000ec1faa68}> (0x00000000ec1faa68) thrown at [./open/src/hotspot/share/prims/jni.cpp, line 611]
Event: 16.436 Thread 0x00000246c214c000 Exception <a 'java/lang/NoSuchMethodError'{0x00000000eac40fc8}: java.lang.invoke.DirectMethodHandle$Holder.invokeSpecial(Ljava/lang/Object;Ljava/lang/Object;Ljava/lang/Object;Ljava/lang/Object;Ljava/lang/Object;Ljava/lang/Object;)V> (0x00000000eac40fc8) t
Event: 17.244 Thread 0x00000246de988000 Exception <a 'java/io/FileNotFoundException'{0x00000000eaeeb0c8}> (0x00000000eaeeb0c8) thrown at [./open/src/hotspot/share/prims/jni.cpp, line 611]
Event: 21.084 Thread 0x00000246de841800 Exception <a 'java/io/FileNotFoundException'{0x00000000eab009d0}> (0x00000000eab009d0) thrown at [./open/src/hotspot/share/prims/jni.cpp, line 611]
Event: 21.089 Thread 0x00000246de841800 Exception <a 'java/io/FileNotFoundException'{0x00000000eab02580}> (0x00000000eab02580) thrown at [./open/src/hotspot/share/prims/jni.cpp, line 611]
Event: 21.099 Thread 0x00000246de841800 Exception <a 'java/lang/NoSuchMethodError'{0x00000000eab0b020}: java.lang.invoke.DirectMethodHandle$Holder.invokeStaticInit(Ljava/lang/Object;Ljava/lang/Object;Ljava/lang/Object;)V> (0x00000000eab0b020) thrown at [./open/src/hotspot/share/interpreter/link
Event: 24.806 Thread 0x00000246de988000 Exception <a 'java/lang/NoSuchMethodError'{0x00000000ebee3330}: java.lang.invoke.DirectMethodHandle$Holder.invokeInterface(Ljava/lang/Object;Ljava/lang/Object;Ljava/lang/Object;)Ljava/lang/Object;> (0x00000000ebee3330) thrown at [./open/src/hotspot/share/

Events (10 events):
Event: 25.230 Executing VM operation: ParallelGCFailedAllocation
Event: 25.255 Executing VM operation: ParallelGCFailedAllocation done
Event: 25.262 Thread 0x00000246de988000 DEOPT PACKING pc=0x00000246cb039dd6 sp=0x000000a5f48fc6f0
Event: 25.262 Thread 0x00000246de988000 DEOPT UNPACKING pc=0x00000246ca6165de sp=0x000000a5f48fbbe8 mode 0
Event: 25.265 Thread 0x00000246de988000 DEOPT PACKING pc=0x00000246cb039dd6 sp=0x000000a5f48fc6f0
Event: 25.265 Thread 0x00000246de988000 DEOPT UNPACKING pc=0x00000246ca6165de sp=0x000000a5f48fbbe8 mode 0
Event: 25.376 Executing VM operation: Deoptimize
Event: 25.377 Executing VM operation: Deoptimize done
Event: 25.397 Executing VM operation: CollectForMetadataAllocation
Event: 26.097 Executing VM operation: CollectForMetadataAllocation done


Dynamic libraries:
0x00007ff6c6b40000 - 0x00007ff6c6b4f000 	C:\Program Files\Java\jdk-11.0.11\bin\java.exe
0x00007ffd4e1a0000 - 0x00007ffd4e390000 	C:\Windows\SYSTEM32\ntdll.dll
0x00007ffd4cb60000 - 0x00007ffd4cc13000 	C:\Windows\System32\KERNEL32.DLL
0x00007ffd4b110000 - 0x00007ffd4b3b6000 	C:\Windows\System32\KERNELBASE.dll
0x00007ffd4ceb0000 - 0x00007ffd4cf53000 	C:\Windows\System32\ADVAPI32.DLL
0x00007ffd4daa0000 - 0x00007ffd4db3e000 	C:\Windows\System32\msvcrt.dll
0x00007ffd4db40000 - 0x00007ffd4dbd7000 	C:\Windows\System32\sechost.dll
0x00007ffd4d980000 - 0x00007ffd4da9f000 	C:\Windows\System32\RPCRT4.dll
0x00007ffd4c0c0000 - 0x00007ffd4c1ba000 	C:\Windows\System32\ucrtbase.dll
0x00007ffd33d70000 - 0x00007ffd33d88000 	C:\Program Files\Java\jdk-11.0.11\bin\jli.dll
0x00007ffd4dc60000 - 0x00007ffd4ddf4000 	C:\Windows\System32\USER32.dll
0x00007ffd4b540000 - 0x00007ffd4b561000 	C:\Windows\System32\win32u.dll
0x00007ffd48f80000 - 0x00007ffd48f95000 	C:\Program Files\Java\jdk-11.0.11\bin\VCRUNTIME140.dll
0x00007ffd4ccd0000 - 0x00007ffd4ccf6000 	C:\Windows\System32\GDI32.dll
0x00007ffd4b610000 - 0x00007ffd4b7a8000 	C:\Windows\System32\gdi32full.dll
0x00007ffd4b570000 - 0x00007ffd4b60e000 	C:\Windows\System32\msvcp_win.dll
0x00007ffd2e450000 - 0x00007ffd2e6d4000 	C:\Windows\WinSxS\amd64_microsoft.windows.common-controls_6595b64144ccf1df_6.0.18362.1854_none_9e7e6453e45e0f86\COMCTL32.dll
0x00007ffd3ed70000 - 0x00007ffd3ed7a000 	C:\Windows\SYSTEM32\VERSION.dll
0x00007ffd4de20000 - 0x00007ffd4e156000 	C:\Windows\System32\combase.dll
0x00007ffd4b800000 - 0x00007ffd4b884000 	C:\Windows\System32\bcryptPrimitives.dll
0x00007ffd4d310000 - 0x00007ffd4d33e000 	C:\Windows\System32\IMM32.DLL
0x00007ffd31780000 - 0x00007ffd3181b000 	C:\Program Files\Java\jdk-11.0.11\bin\msvcp140.dll
0x00007ffcdd7c0000 - 0x00007ffcde2be000 	C:\Program Files\Java\jdk-11.0.11\bin\server\jvm.dll
0x00007ffd4cea0000 - 0x00007ffd4cea8000 	C:\Windows\System32\PSAPI.DLL
0x00007ffd305c0000 - 0x00007ffd305c9000 	C:\Windows\SYSTEM32\WSOCK32.dll
0x00007ffd4d2a0000 - 0x00007ffd4d30f000 	C:\Windows\System32\WS2_32.dll
0x00007ffd48ea0000 - 0x00007ffd48ec4000 	C:\Windows\SYSTEM32\WINMM.dll
0x00007ffd48e70000 - 0x00007ffd48e9d000 	C:\Windows\SYSTEM32\WINMMBASE.dll
0x00007ffd4b7b0000 - 0x00007ffd4b7fa000 	C:\Windows\System32\cfgmgr32.dll
0x00007ffd4b080000 - 0x00007ffd4b091000 	C:\Windows\System32\kernel.appcore.dll
0x00007ffd33a20000 - 0x00007ffd33a30000 	C:\Program Files\Java\jdk-11.0.11\bin\verify.dll
0x00007ffd39860000 - 0x00007ffd39a54000 	C:\Windows\SYSTEM32\DBGHELP.DLL
0x00007ffd29230000 - 0x00007ffd2925a000 	C:\Windows\SYSTEM32\dbgcore.DLL
0x00007ffd334e0000 - 0x00007ffd33508000 	C:\Program Files\Java\jdk-11.0.11\bin\java.dll
0x00007ffd33a10000 - 0x00007ffd33a1a000 	C:\Program Files\Java\jdk-11.0.11\bin\jimage.dll
0x00007ffd33160000 - 0x00007ffd33176000 	C:\Program Files\Java\jdk-11.0.11\bin\zip.dll
0x00007ffd4c390000 - 0x00007ffd4ca77000 	C:\Windows\System32\SHELL32.dll
0x00007ffd4cc20000 - 0x00007ffd4ccc9000 	C:\Windows\System32\shcore.dll
0x00007ffd4b940000 - 0x00007ffd4c0bb000 	C:\Windows\System32\windows.storage.dll
0x00007ffd4b060000 - 0x00007ffd4b07e000 	C:\Windows\System32\profapi.dll
0x00007ffd4b0a0000 - 0x00007ffd4b0ea000 	C:\Windows\System32\powrprof.dll
0x00007ffd4b050000 - 0x00007ffd4b060000 	C:\Windows\System32\UMPDC.dll
0x00007ffd4ca80000 - 0x00007ffd4cad2000 	C:\Windows\System32\shlwapi.dll
0x00007ffd4c1c0000 - 0x00007ffd4c1d7000 	C:\Windows\System32\cryptsp.dll
0x00007ffd326b0000 - 0x00007ffd326c9000 	C:\Program Files\Java\jdk-11.0.11\bin\net.dll
0x00007ffd463d0000 - 0x00007ffd464c9000 	C:\Windows\SYSTEM32\WINHTTP.dll
0x00007ffd4a890000 - 0x00007ffd4a8f7000 	C:\Windows\system32\mswsock.dll
0x00007ffd321e0000 - 0x00007ffd321f2000 	C:\Program Files\Java\jdk-11.0.11\bin\nio.dll
0x00007ffd188f0000 - 0x00007ffd18906000 	C:\Windows\system32\napinsp.dll
0x00007ffd18910000 - 0x00007ffd1892a000 	C:\Windows\system32\pnrpnsp.dll
0x00007ffd4a5f0000 - 0x00007ffd4a6ba000 	C:\Windows\SYSTEM32\DNSAPI.dll
0x00007ffd4d030000 - 0x00007ffd4d038000 	C:\Windows\System32\NSI.dll
0x00007ffd4a5a0000 - 0x00007ffd4a5da000 	C:\Windows\SYSTEM32\IPHLPAPI.DLL
0x00007ffd18930000 - 0x00007ffd1893e000 	C:\Windows\System32\winrnr.dll
0x00007ffd47450000 - 0x00007ffd4746c000 	C:\Windows\system32\NLAapi.dll
0x00007ffd18940000 - 0x00007ffd18955000 	C:\Windows\system32\wshbth.dll
0x00007ffd435e0000 - 0x00007ffd435ea000 	C:\Windows\System32\rasadhlp.dll
0x00007ffd45ad0000 - 0x00007ffd45b47000 	C:\Windows\System32\fwpuclnt.dll
0x00007ffd4b510000 - 0x00007ffd4b536000 	C:\Windows\System32\bcrypt.dll
0x00007ffd33950000 - 0x00007ffd33959000 	C:\Program Files\Java\jdk-11.0.11\bin\management.dll
0x00007ffd338b0000 - 0x00007ffd338bb000 	C:\Program Files\Java\jdk-11.0.11\bin\management_ext.dll
0x00007ffd33820000 - 0x00007ffd3382d000 	C:\Program Files\Java\jdk-11.0.11\bin\sunmscapi.dll
0x00007ffd4b3c0000 - 0x00007ffd4b50a000 	C:\Windows\System32\CRYPT32.dll
0x00007ffd4b0f0000 - 0x00007ffd4b102000 	C:\Windows\System32\MSASN1.dll
0x00007ffd4ab60000 - 0x00007ffd4ab86000 	C:\Windows\SYSTEM32\ncrypt.dll
0x00007ffd4ab20000 - 0x00007ffd4ab5b000 	C:\Windows\SYSTEM32\NTASN1.dll
0x00007ffd32010000 - 0x00007ffd32035000 	C:\Program Files\Java\jdk-11.0.11\bin\sunec.dll
0x00007ffd4a1a0000 - 0x00007ffd4a1d3000 	C:\Windows\system32\rsaenh.dll
0x00007ffd4af70000 - 0x00007ffd4af95000 	C:\Windows\SYSTEM32\USERENV.dll
0x00007ffd4aa60000 - 0x00007ffd4aa6c000 	C:\Windows\SYSTEM32\CRYPTBASE.dll
0x00007ffd45920000 - 0x00007ffd45936000 	C:\Windows\SYSTEM32\dhcpcsvc6.DLL
0x00007ffd45900000 - 0x00007ffd4591c000 	C:\Windows\SYSTEM32\dhcpcsvc.DLL
0x00007ffd249e0000 - 0x00007ffd24a1e000 	C:\Users\Chowtaav\AppData\Roaming\Code\User\globalStorage\redhat.java\1.1.0\config_ss_win\org.eclipse.equinox.launcher\org.eclipse.equinox.launcher.win32.win32.x86_64_1.2.400.v20211116-1129\eclipse_11601.dll
0x00007ffd4d820000 - 0x00007ffd4d977000 	C:\Windows\System32\ole32.dll
0x00007ffd31410000 - 0x00007ffd31421000 	C:\Users\Chowtaav\AppData\Roaming\Code\User\globalStorage\redhat.java\1.1.0\config_ss_win\org.eclipse.osgi\16\0\.cp\jWinHttp-1.0.0.dll

dbghelp: loaded successfully - version: 4.0.5 - missing functions: none
symbol engine: initialized successfully - sym options: 0x614 - pdb path: .;C:\Program Files\Java\jdk-11.0.11\bin;C:\Windows\SYSTEM32;C:\Windows\WinSxS\amd64_microsoft.windows.common-controls_6595b64144ccf1df_6.0.18362.1854_none_9e7e6453e45e0f86;C:\Program Files\Java\jdk-11.0.11\bin\server;C:\Users\Chowtaav\AppData\Roaming\Code\User\globalStorage\redhat.java\1.1.0\config_ss_win\org.eclipse.equinox.launcher\org.eclipse.equinox.launcher.win32.win32.x86_64_1.2.400.v20211116-1129;C:\Users\Chowtaav\AppData\Roaming\Code\User\globalStorage\redhat.java\1.1.0\config_ss_win\org.eclipse.osgi\16\0\.cp

VM Arguments:
jvm_args: --add-modules=ALL-SYSTEM --add-opens=java.base/java.util=ALL-UNNAMED --add-opens=java.base/java.lang=ALL-UNNAMED -Declipse.application=org.eclipse.jdt.ls.core.id1 -Dosgi.bundles.defaultStartLevel=4 -Declipse.product=org.eclipse.jdt.ls.core.product -Djava.import.generatesMetadataFilesAtProjectRoot=false -Dfile.encoding=utf8 -DwatchParentProcess=false -XX:+UseParallelGC -XX:GCTimeRatio=4 -XX:AdaptiveSizePolicyWeight=90 -Dsun.zip.disableMemoryMapping=true -Xmx1G -Xms100m -Xverify:none 
java_command: c:\Users\Chowtaav\.vscode\extensions\redhat.java-1.1.0\server\plugins\org.eclipse.equinox.launcher_1.6.400.v20210924-0641.jar -configuration c:\Users\Chowtaav\AppData\Roaming\Code\User\globalStorage\redhat.java\1.1.0\config_ss_win -data c:\Users\Chowtaav\AppData\Roaming\Code\User\workspaceStorage\d88496ce7c23938c9c1a3d5c71faee8d\redhat.java\ss_ws
java_class_path (initial): c:\Users\Chowtaav\.vscode\extensions\redhat.java-1.1.0\server\plugins\org.eclipse.equinox.launcher_1.6.400.v20210924-0641.jar
Launcher Type: SUN_STANDARD

[Global flags]
    uintx AdaptiveSizePolicyWeight                 = 90                                        {product} {command line}
     bool BytecodeVerificationLocal                = false                                     {product} {command line}
     bool BytecodeVerificationRemote               = false                                     {product} {command line}
     intx CICompilerCount                          = 4                                         {product} {ergonomic}
    uintx GCTimeRatio                              = 4                                         {product} {command line}
   size_t InitialHeapSize                          = 104857600                                 {product} {command line}
   size_t MaxHeapSize                              = 1073741824                                {product} {command line}
   size_t MaxNewSize                               = 357564416                                 {product} {ergonomic}
   size_t MinHeapDeltaBytes                        = 524288                                    {product} {ergonomic}
   size_t NewSize                                  = 34603008                                  {product} {ergonomic}
    uintx NonNMethodCodeHeapSize                   = 5836300                                {pd product} {ergonomic}
    uintx NonProfiledCodeHeapSize                  = 122910970                              {pd product} {ergonomic}
   size_t OldSize                                  = 70254592                                  {product} {ergonomic}
    uintx ProfiledCodeHeapSize                     = 122910970                              {pd product} {ergonomic}
    uintx ReservedCodeCacheSize                    = 251658240                              {pd product} {ergonomic}
     bool SegmentedCodeCache                       = true                                      {product} {ergonomic}
     bool UseCompressedClassPointers               = true                                 {lp64_product} {ergonomic}
     bool UseCompressedOops                        = true                                 {lp64_product} {ergonomic}
     bool UseLargePagesIndividualAllocation        = false                                  {pd product} {ergonomic}
     bool UseParallelGC                            = true                                      {product} {command line}

Logging:
Log output configuration:
 #0: stdout all=warning uptime,level,tags
 #1: stderr all=off uptime,level,tags

Environment Variables:
JAVA_HOME=C:\Program Files\Java\jdk-11.0.11
PATH=C:\Program Files\Common Files\Oracle\Java\javapath;C:\Program Files (x86)\Microsoft SDKs\Azure\CLI2\wbin;C:\Program Files\Java\jdk-11.0.11;C:\Program Files (x86)\Common Files\Oracle\Java\javapath;C:\Users\Chowtaav\OneDrive - Willis Towers Watson\instantclient_19_3;C:\Windows\system32;C:\Windows;C:\Windows\System32\Wbem;C:\Windows\System32\WindowsPowerShell\v1.0\;C:\Windows\System32\OpenSSH\;C:\Program Files (x86)\Enterprise Vault\EVClient\;C:\Program Files (x86)\Plantronics\Spokes3G\;C:\Program Files\Git\cmd;C:\Program Files\dotnet\;C:\Program Files\Microsoft SQL Server\130\Tools\Binn\;C:\Program Files\Microsoft SQL Server\Client SDK\ODBC\170\Tools\Binn\;C:\Program Files (x86)\Microsoft SQL Server\150\DTS\Binn\;C:\Program Files\Azure Data Studio\bin;C:\Users\Chowtaav\apache-maven-3.8.1\bin;C:\Program Files\Microsoft\Azure Functions Core Tools\;C:\Program Files\nodejs\;C:\Program Files (x86)\dotnet\;C:\Program Files\PuTTY\;C:\Program Files\Willis Towers Watson\Indigo Vault\Apps\;C:\Program Files\Willis Towers Watson\Indigo Vault\Service\Indigo.Service\;C:\Program Files\Willis Towers Watson\Indigo Vault\Service\Indigo.Service.Launcher\;C:\Program Files\Willis Towers Watson\Indigo Vault\Namespace\;C:\Users\Chowtaav\AppData\Local\Microsoft\WindowsApps;C:\Users\Chowtaav\AppData\Local\Programs\Microsoft VS Code\bin;C:\Program Files\Azure Data Studio\bin;C:\Users\Chowtaav\.dotnet\tools;C:\Users\Chowtaav\AppData\Roaming\npm
USERNAME=Chowtaav
OS=Windows_NT
PROCESSOR_IDENTIFIER=Intel64 Family 6 Model 142 Stepping 12, GenuineIntel



---------------  S Y S T E M  ---------------

OS: Windows 10 , 64 bit Build 18362 (10.0.18362.1766)

CPU:total 8 (initial active 8) (4 cores per cpu, 2 threads per core) family 6 model 142 stepping 12 microcode 0xde, cmov, cx8, fxsr, mmx, sse, sse2, sse3, ssse3, sse4.1, sse4.2, popcnt, avx, avx2, aes, clmul, erms, 3dnowpref, lzcnt, ht, tsc, tscinvbit, bmi1, bmi2, adx, fma

Memory: 4k page, system-wide physical 16194M (6275M free)
TotalPageFile size 18626M (AvailPageFile size 3152M)
current process WorkingSet (physical memory assigned to process): 157M, peak: 160M
current process commit charge ("private bytes"): 250M, peak: 261M

vm_info: Java HotSpot(TM) 64-Bit Server VM (11.0.11+9-LTS-194) for windows-amd64 JRE (11.0.11+9-LTS-194), built on Mar 18 2021 18:46:53 by "mach5one" with MS VC++ 15.9 (VS2017)

END.
